<?xml version="1.0" encoding="UTF-8"?>
<!-- Generated by org.testng.reporters.JUnitReportReporter -->
<testsuite hostname="Nahid" failures="0" tests="5" name="kandareeTest.OrderTaskHK" time="37.150" errors="0" timestamp="2020-11-15T11:58:15 BDT" skipped="0">
  <testcase classname="kandareeTest.OrderTaskHK" name="navigation" time="3.184"/>
  <system-out/>
  <testcase classname="kandareeTest.OrderTaskHK" name="LoginFuntion" time="7.274"/>
  <system-out/>
  <testcase classname="kandareeTest.OrderTaskHK" name="DisableHK" time="11.953"/>
  <system-out/>
  <testcase classname="kandareeTest.OrderTaskHK" name="EnableHK" time="7.745"/>
  <system-out/>
  <testcase classname="kandareeTest.OrderTaskHK" name="DelectHK" time="6.994"/>
  <system-out/>
</testsuite> <!-- kandareeTest.OrderTaskHK -->
