<?xml version="1.0" encoding="UTF-8"?>
<!-- Generated by org.testng.reporters.JUnitReportReporter -->
<testsuite hostname="Nahid" failures="0" tests="7" name="Customer" time="78.156" errors="0" timestamp="2020-11-12T19:21:29 BDT" skipped="0">
  <testcase classname="Customer" name="LoginFuntion" time="6.882"/>
  <system-out/>
  <testcase classname="Customer" name="CreateCustomer" time="22.907"/>
  <system-out/>
  <testcase classname="Customer" name="UpdateCustomar" time="18.903"/>
  <system-out/>
  <testcase classname="Customer" name="DisableCart" time="7.316"/>
  <system-out/>
  <testcase classname="Customer" name="EnableCart" time="9.681"/>
  <system-out/>
  <testcase classname="Customer" name="DeleteCart" time="9.845"/>
  <system-out/>
  <testcase classname="Customer" name="SortingCustomer" time="2.622"/>
  <system-out/>
</testsuite> <!-- Customer -->
