<?xml version="1.0" encoding="UTF-8"?>
<!-- Generated by org.testng.reporters.JUnitReportReporter -->
<testsuite hostname="Nahid" failures="0" tests="1" name="Base" time="0.012" errors="0" timestamp="2020-11-07T03:09:59 BDT" skipped="0">
  <testcase classname="Base" name="frist" time="0.012"/>
  <system-out/>
</testsuite> <!-- Base -->
