<?xml version="1.0" encoding="UTF-8"?>
<!-- Generated by org.testng.reporters.JUnitReportReporter -->
<testsuite hostname="Nahid" failures="0" tests="3" name="MyTasks" time="157.453" errors="0" timestamp="2020-11-12T19:29:44 BDT" skipped="0">
  <testcase classname="MyTasks" name="CreateTask" time="100.259"/>
  <system-out/>
  <testcase classname="MyTasks" name="UpdateTask" time="41.999"/>
  <system-out/>
  <testcase classname="MyTasks" name="MyTaskMiscellaneous" time="15.195"/>
  <system-out/>
</testsuite> <!-- MyTasks -->
