<?xml version="1.0" encoding="UTF-8"?>
<!-- Generated by org.testng.reporters.JUnitReportReporter -->
<testsuite hostname="Nahid" failures="0" tests="1" name="Starting" time="22.540" errors="0" timestamp="2020-11-08T20:06:38 BDT" skipped="0">
  <testcase classname="Starting" name="Login" time="22.540"/>
  <system-out/>
</testsuite> <!-- Starting -->
