<?xml version="1.0" encoding="UTF-8"?>
<!-- Generated by org.testng.reporters.JUnitReportReporter -->
<testsuite hostname="Nahid" failures="0" tests="7" name="kandareeTest.MyTasks" time="100.734" errors="0" timestamp="2020-11-17T00:20:16 BDT" skipped="0">
  <testcase classname="kandareeTest.MyTasks" name="LoginFuntion" time="6.322"/>
  <system-out/>
  <testcase classname="kandareeTest.MyTasks" name="Nevigate" time="4.603"/>
  <system-out/>
  <testcase classname="kandareeTest.MyTasks" name="AssignTask" time="0.920"/>
  <system-out/>
  <testcase classname="kandareeTest.MyTasks" name="UpdateAssignTask" time="46.742"/>
  <system-out/>
  <testcase classname="kandareeTest.MyTasks" name="DeleteAssignTask" time="4.933"/>
  <system-out/>
  <testcase classname="kandareeTest.MyTasks" name="OldTask" time="0.727"/>
  <system-out/>
  <testcase classname="kandareeTest.MyTasks" name="UpdateOldTask" time="36.487"/>
  <system-out/>
</testsuite> <!-- kandareeTest.MyTasks -->
