<?xml version="1.0" encoding="UTF-8"?>
<!-- Generated by org.testng.reporters.JUnitReportReporter -->
<testsuite hostname="Nahid" failures="0" tests="12" name="com.cslsoft.KandareeLiteApp.MyTasks" time="236.697" errors="0" timestamp="2020-11-23T14:40:33 BDT" skipped="0">
  <testcase classname="com.cslsoft.KandareeLiteApp.MyTasks" name="Nevigate" time="5.961"/>
  <system-out/>
  <testcase classname="com.cslsoft.KandareeLiteApp.MyTasks" name="CreateTask" time="12.500"/>
  <system-out/>
  <testcase classname="com.cslsoft.KandareeLiteApp.MyTasks" name="UpdateTask" time="40.346"/>
  <system-out/>
  <testcase classname="com.cslsoft.KandareeLiteApp.MyTasks" name="Reassaign" time="22.966"/>
  <system-out/>
  <testcase classname="com.cslsoft.KandareeLiteApp.MyTasks" name="MyTaskMiscellaneous" time="8.032"/>
  <system-out/>
  <testcase classname="com.cslsoft.KandareeLiteApp.MyTasks" name="AssignTask" time="0.903"/>
  <system-out/>
  <testcase classname="com.cslsoft.KandareeLiteApp.MyTasks" name="CreateAssignTask" time="13.184"/>
  <system-out/>
  <testcase classname="com.cslsoft.KandareeLiteApp.MyTasks" name="UpdateAssignTask" time="67.382"/>
  <system-out/>
  <testcase classname="com.cslsoft.KandareeLiteApp.MyTasks" name="DeleteAssignTask" time="16.706"/>
  <system-out/>
  <testcase classname="com.cslsoft.KandareeLiteApp.MyTasks" name="OldTask" time="0.699"/>
  <system-out/>
  <testcase classname="com.cslsoft.KandareeLiteApp.MyTasks" name="UOldTaskFun" time="31.784"/>
  <system-out/>
  <testcase classname="com.cslsoft.KandareeLiteApp.MyTasks" name="IncompleteTask" time="16.234"/>
  <system-out/>
</testsuite> <!-- com.cslsoft.KandareeLiteApp.MyTasks -->
